<?xml version="1.0" encoding="UTF-8"?>
<testng-results ignored="0" total="1" passed="1" failed="0" skipped="0">
  <reporter-output>
  </reporter-output>
  <suite started-at="2020-10-14T18:10:53 IST" name="Default suite" finished-at="2020-10-14T18:11:38 IST" duration-ms="44985">
    <groups>
    </groups>
    <test started-at="2020-10-14T18:10:53 IST" name="Default test" finished-at="2020-10-14T18:11:38 IST" duration-ms="44985">
      <class name="Selenium.SeleniumAutomation.InvalidAccess">
        <test-method is-config="true" signature="launchbrowser()[pri:0, instance:Selenium.SeleniumAutomation.InvalidAccess@6c130c45]" started-at="2020-10-14T18:10:53 IST" name="launchbrowser" finished-at="2020-10-14T18:11:00 IST" duration-ms="6416" status="PASS">
          <reporter-output>
          </reporter-output>
        </test-method> <!-- launchbrowser -->
        <test-method signature="invalidgit()[pri:0, instance:Selenium.SeleniumAutomation.InvalidAccess@6c130c45]" started-at="2020-10-14T18:11:00 IST" name="invalidgit" finished-at="2020-10-14T18:11:38 IST" duration-ms="38546" status="PASS">
          <reporter-output>
          </reporter-output>
        </test-method> <!-- invalidgit -->
      </class> <!-- Selenium.SeleniumAutomation.InvalidAccess -->
    </test> <!-- Default test -->
  </suite> <!-- Default suite -->
</testng-results>
